<?xml version="1.0" encoding="UTF-8"?>
<testng-results ignored="0" total="3" passed="3" failed="0" skipped="0">
  <reporter-output>
  </reporter-output>
  <suite started-at="2024-11-12T16:55:32 IST" name="Master Suite" finished-at="2024-11-12T16:57:21 IST" duration-ms="109690">
    <groups>
      <group name="Master">
        <method signature="CreateTalent.SalesforceLogin()[pri:0, instance:testCases.CreateTalent@64b73e7a]" name="SalesforceLogin" class="testCases.CreateTalent"/>
        <method signature="CreateTalent.CreateTalent()[pri:0, instance:testCases.CreateTalent@64b73e7a]" name="CreateTalent" class="testCases.CreateTalent"/>
        <method signature="CreateTalent.EditTalent()[pri:0, instance:testCases.CreateTalent@64b73e7a]" name="EditTalent" class="testCases.CreateTalent"/>
      </group> <!-- Master -->
      <group name="Sanity">
        <method signature="CreateTalent.SalesforceLogin()[pri:0, instance:testCases.CreateTalent@64b73e7a]" name="SalesforceLogin" class="testCases.CreateTalent"/>
        <method signature="CreateTalent.CreateTalent()[pri:0, instance:testCases.CreateTalent@64b73e7a]" name="CreateTalent" class="testCases.CreateTalent"/>
        <method signature="CreateTalent.EditTalent()[pri:0, instance:testCases.CreateTalent@64b73e7a]" name="EditTalent" class="testCases.CreateTalent"/>
      </group> <!-- Sanity -->
      <group name="Regression">
        <method signature="CreateTalent.SalesforceLogin()[pri:0, instance:testCases.CreateTalent@64b73e7a]" name="SalesforceLogin" class="testCases.CreateTalent"/>
        <method signature="CreateTalent.CreateTalent()[pri:0, instance:testCases.CreateTalent@64b73e7a]" name="CreateTalent" class="testCases.CreateTalent"/>
        <method signature="CreateTalent.EditTalent()[pri:0, instance:testCases.CreateTalent@64b73e7a]" name="EditTalent" class="testCases.CreateTalent"/>
      </group> <!-- Regression -->
    </groups>
    <test started-at="2024-11-12T16:55:32 IST" name="chrometest" finished-at="2024-11-12T16:57:21 IST" duration-ms="109690">
      <class name="testCases.CreateTalent">
        <test-method is-config="true" signature="setup(java.lang.String)[pri:0, instance:testCases.CreateTalent@64b73e7a]" started-at="2024-11-12T16:55:32 IST" name="setup" finished-at="2024-11-12T16:55:36 IST" duration-ms="4210" status="PASS">
          <params>
            <param index="0">
              <value>
                <![CDATA[chrome]]>
              </value>
            </param>
          </params>
          <reporter-output>
          </reporter-output>
        </test-method> <!-- setup -->
        <test-method signature="SalesforceLogin()[pri:0, instance:testCases.CreateTalent@64b73e7a]" started-at="2024-11-12T16:55:36 IST" name="SalesforceLogin" finished-at="2024-11-12T16:55:57 IST" duration-ms="20529" status="PASS">
          <reporter-output>
          </reporter-output>
        </test-method> <!-- SalesforceLogin -->
        <test-method signature="CreateTalent()[pri:0, instance:testCases.CreateTalent@64b73e7a]" started-at="2024-11-12T16:55:57 IST" name="CreateTalent" finished-at="2024-11-12T16:57:21 IST" depends-on-methods="testCases.CreateTalent.SalesforceLogin" duration-ms="83980" status="PASS">
          <reporter-output>
          </reporter-output>
        </test-method> <!-- CreateTalent -->
        <test-method signature="EditTalent()[pri:0, instance:testCases.CreateTalent@64b73e7a]" started-at="2024-11-12T16:57:21 IST" name="EditTalent" finished-at="2024-11-12T16:57:21 IST" depends-on-methods="testCases.CreateTalent.CreateTalent" duration-ms="4" status="PASS">
          <reporter-output>
          </reporter-output>
        </test-method> <!-- EditTalent -->
        <test-method is-config="true" signature="teardown()[pri:0, instance:testCases.CreateTalent@64b73e7a]" started-at="2024-11-12T16:57:21 IST" name="teardown" finished-at="2024-11-12T16:57:21 IST" duration-ms="349" status="PASS">
          <reporter-output>
          </reporter-output>
        </test-method> <!-- teardown -->
      </class> <!-- testCases.CreateTalent -->
    </test> <!-- chrometest -->
  </suite> <!-- Master Suite -->
</testng-results>
