<?xml version="1.0" encoding="UTF-8"?>
<!-- Generated by org.testng.reporters.JUnitXMLReporter -->
<testsuite ignored="0" hostname="HSC-PG02B4N8" failures="0" tests="3" name="test" time="136.152" errors="0" timestamp="2024-11-21T13:31:52 IST">
  <testcase classname="testCases.loadCreateTalent" name="SalesforceLogin" time="3.14"/>
  <testcase classname="testCases.loadCreateTalent" name="Talentcreation" time="117.618"/>
  <testcase classname="testCases.loadCreateTalent" name="EditTalent" time="11.023"/>
</testsuite> <!-- test -->
