<?xml version="1.0" encoding="UTF-8"?>
<!-- Generated by org.testng.reporters.JUnitXMLReporter -->
<testsuite ignored="0" hostname="HSC-PG02B4N8" failures="0" tests="3" name="test" time="137.207" errors="0" timestamp="2024-11-15T14:17:41 IST">
  <testcase classname="testCases.loadCreateTalent" name="SalesforceLogin" time="2.73"/>
  <testcase classname="testCases.loadCreateTalent" name="Talentcreation" time="118.546"/>
  <testcase classname="testCases.loadCreateTalent" name="EditTalent" time="10.794"/>
</testsuite> <!-- test -->
