<?xml version="1.0" encoding="UTF-8"?>
<!-- Generated by org.testng.reporters.JUnitXMLReporter -->
<testsuite ignored="0" hostname="HSC-PG02B4N8" failures="1" tests="2" name="chrometest" time="25.709" errors="0" timestamp="2024-11-05T23:01:09 IST">
  <testcase classname="testCases.CreateTalent" name="SalesforceLogin" time="16.225"/>
  <testcase classname="testCases.CreateTalent" name="validateConnectedTitle" time="3.654">
    <failure type="java.lang.AssertionError" message="null">
      <![CDATA[java.lang.AssertionError: null
at testCases.CreateTalent.validateConnectedTitle(CreateTalent.java:52)
at java.base/java.util.ArrayList.forEach(ArrayList.java:1511)
... Removed 29 stack frames]]>
    </failure>
  </testcase> <!-- validateConnectedTitle -->
</testsuite> <!-- chrometest -->
